<?xml version="1.0" encoding="UTF-8"?>
<!-- Generated by org.testng.reporters.JUnitReportReporter -->
<testsuite hostname="DESKTOP-6BBBUR9" failures="0" tests="5" name="testScript.SigninTest" time="2.730" errors="1" timestamp="2025-06-12T20:40:17 IST" skipped="4">
  <testcase classname="testScript.SigninTest" name="initializeBrowser" time="2.729">
    <error message="Invalid Browser" type="java.lang.Exception">
      <![CDATA[java.lang.Exception: Invalid Browser
at automationCore.Base.initializeBrowser(Base.java:42)
at java.base/jdk.internal.reflect.DirectMethodHandleAccessor.invoke(DirectMethodHandleAccessor.java:103)
at java.base/java.lang.reflect.Method.invoke(Method.java:580)
at org.testng.internal.invokers.MethodInvocationHelper.invokeMethod(MethodInvocationHelper.java:141)
at org.testng.internal.invokers.MethodInvocationHelper.invokeMethodConsideringTimeout(MethodInvocationHelper.java:71)
at org.testng.internal.invokers.ConfigInvoker.invokeConfigurationMethod(ConfigInvoker.java:400)
at org.testng.internal.invokers.ConfigInvoker.invokeConfigurations(ConfigInvoker.java:333)
at org.testng.internal.invokers.TestInvoker.runConfigMethods(TestInvoker.java:833)
at org.testng.internal.invokers.TestInvoker.invokeMethod(TestInvoker.java:600)
at org.testng.internal.invokers.TestInvoker.invokeTestMethod(TestInvoker.java:230)
at org.testng.internal.invokers.MethodRunner.runInSequence(MethodRunner.java:63)
at org.testng.internal.invokers.TestInvoker$MethodInvocationAgent.invoke(TestInvoker.java:992)
at org.testng.internal.invokers.TestInvoker.invokeTestMethods(TestInvoker.java:203)
at org.testng.internal.invokers.TestMethodWorker.invokeTestMethods(TestMethodWorker.java:154)
at org.testng.internal.invokers.TestMethodWorker.run(TestMethodWorker.java:134)
at java.base/java.util.ArrayList.forEach(ArrayList.java:1596)
at org.testng.TestRunner.privateRun(TestRunner.java:739)
at org.testng.TestRunner.run(TestRunner.java:614)
at org.testng.SuiteRunner.runTest(SuiteRunner.java:421)
at org.testng.SuiteRunner.runSequentially(SuiteRunner.java:413)
at org.testng.SuiteRunner.privateRun(SuiteRunner.java:373)
at org.testng.SuiteRunner.run(SuiteRunner.java:312)
at org.testng.SuiteRunnerWorker.runSuite(SuiteRunnerWorker.java:52)
at org.testng.SuiteRunnerWorker.run(SuiteRunnerWorker.java:95)
at org.testng.TestNG.runSuitesSequentially(TestNG.java:1274)
at org.testng.TestNG.runSuitesLocally(TestNG.java:1208)
at org.testng.TestNG.runSuites(TestNG.java:1112)
at org.testng.TestNG.run(TestNG.java:1079)
at org.testng.remote.AbstractRemoteTestNG.run(AbstractRemoteTestNG.java:115)
at org.testng.remote.RemoteTestNG.initAndRun(RemoteTestNG.java:293)
at org.testng.remote.RemoteTestNG.main(RemoteTestNG.java:91)
]]>
    </error>
  </testcase> <!-- initializeBrowser -->
  <testcase classname="testScript.SigninTest" name="verifyUserSigninWithValidCredentials" time="0.001">
    <skipped/>
  </testcase> <!-- verifyUserSigninWithValidCredentials -->
  <testcase classname="testScript.SigninTest" name="verifyUserSigninWithValidUsernameAndInvalidPassword" time="0.000">
    <skipped/>
  </testcase> <!-- verifyUserSigninWithValidUsernameAndInvalidPassword -->
  <testcase classname="testScript.SigninTest" name="verifyUserSigninWithInvalidUsernameAndValidPassword" time="0.000">
    <skipped/>
  </testcase> <!-- verifyUserSigninWithInvalidUsernameAndValidPassword -->
  <testcase classname="testScript.SigninTest" name="verifyUserSigninWithInvalidCredentials" time="0.000">
    <skipped/>
  </testcase> <!-- verifyUserSigninWithInvalidCredentials -->
</testsuite> <!-- testScript.SigninTest -->
